Log file open, 12/09/19 16:23:54
LogWindows: Failed to load 'aqProf.dll' (GetLastError=126)
LogWindows: File 'aqProf.dll' does not exist
LogWindows: Failed to load 'VtuneApi.dll' (GetLastError=126)
LogWindows: File 'VtuneApi.dll' does not exist
LogWindows: Failed to load 'VtuneApi32e.dll' (GetLastError=126)
LogWindows: File 'VtuneApi32e.dll' does not exist
LogConsoleResponse: Display: Failed to find resolution value strings in scalability ini. Falling back to default.
LogInit: Display: Running engine for game: Cross_Road
LogPlatformFile: Not using cached read wrapper
LogTaskGraph: Started task graph with 5 named threads and 35 total threads with 3 sets of task threads.
LogStats: Stats thread started at 0.150433
LogD3D11RHI: Loaded GFSDK_Aftermath_Lib.x64.dll
LogICUInternationalization: ICU TimeZone Detection - Raw Offset: -8:00, Platform Override: ''
LogPluginManager: Mounting plugin Paper2D
LogPluginManager: Mounting plugin AISupport
LogPluginManager: Mounting plugin LightPropagationVolume
LogPluginManager: Mounting plugin ActorLayerUtilities
LogPluginManager: Mounting plugin AnimationSharing
LogPluginManager: Mounting plugin CLionSourceCodeAccess
LogPluginManager: Mounting plugin CodeLiteSourceCodeAccess
LogPluginManager: Mounting plugin GitSourceControl
LogPluginManager: Mounting plugin KDevelopSourceCodeAccess
LogPluginManager: Mounting plugin NullSourceCodeAccess
LogPluginManager: Mounting plugin PerforceSourceControl
LogPluginManager: Mounting plugin SubversionSourceControl
LogPluginManager: Mounting plugin UObjectPlugin
LogPluginManager: Mounting plugin VisualStudioCodeSourceCodeAccess
LogPluginManager: Mounting plugin VisualStudioSourceCodeAccess
LogPluginManager: Mounting plugin XCodeSourceCodeAccess
LogPluginManager: Mounting plugin AssetManagerEditor
LogPluginManager: Mounting plugin CryptoKeys
LogPluginManager: Mounting plugin CurveEditorTools
LogPluginManager: Mounting plugin DataValidation
LogPluginManager: Mounting plugin FacialAnimation
LogPluginManager: Mounting plugin GameplayTagsEditor
LogPluginManager: Mounting plugin MacGraphicsSwitching
LogPluginManager: Mounting plugin MaterialAnalyzer
LogPluginManager: Mounting plugin MobileLauncherProfileWizard
LogPluginManager: Mounting plugin PluginBrowser
LogPluginManager: Mounting plugin SpeedTreeImporter
LogPluginManager: Mounting plugin DatasmithContent
LogPluginManager: Mounting plugin VariantManagerContent
LogPluginManager: Mounting plugin AlembicImporter
LogPluginManager: Mounting plugin AutomationUtils
LogPluginManager: Mounting plugin BackChannel
LogPluginManager: Mounting plugin CharacterAI
LogPluginManager: Mounting plugin GeometryCache
LogPluginManager: Mounting plugin HTML5Networking
LogPluginManager: Mounting plugin PlatformCrypto
LogPluginManager: Mounting plugin ProxyLODPlugin
LogPluginManager: Mounting plugin SkeletalReduction
LogPluginManager: Mounting plugin MagicLeap
LogPluginManager: Mounting plugin MagicLeapMedia
LogPluginManager: Mounting plugin AndroidMedia
LogPluginManager: Mounting plugin AvfMedia
LogPluginManager: Mounting plugin ImgMedia
LogPluginManager: Mounting plugin MediaCompositing
LogPluginManager: Mounting plugin MediaPlayerEditor
LogPluginManager: Mounting plugin WebMMedia
LogPluginManager: Mounting plugin WmfMedia
LogPluginManager: Mounting plugin TcpMessaging
LogPluginManager: Mounting plugin UdpMessaging
LogPluginManager: Mounting plugin ActorSequence
LogPluginManager: Mounting plugin LevelSequenceEditor
LogPluginManager: Mounting plugin MatineeToLevelSequence
LogPluginManager: Mounting plugin NetcodeUnitTest
LogPluginManager: Mounting plugin NUTUnrealEngine4
LogPluginManager: Mounting plugin OnlineSubsystemGooglePlay
LogPluginManager: Mounting plugin OnlineSubsystemIOS
LogPluginManager: Mounting plugin OnlineSubsystem
LogPluginManager: Mounting plugin OnlineSubsystemNull
LogPluginManager: Mounting plugin OnlineSubsystemUtils
LogPluginManager: Mounting plugin LauncherChunkInstaller
LogPluginManager: Mounting plugin AndroidDeviceProfileSelector
LogPluginManager: Mounting plugin AndroidMoviePlayer
LogPluginManager: Mounting plugin AndroidPermission
LogPluginManager: Mounting plugin AppleImageUtils
LogPluginManager: Mounting plugin AppleMoviePlayer
LogPluginManager: Mounting plugin ArchVisCharacter
LogPluginManager: Mounting plugin AudioCapture
LogPluginManager: Mounting plugin CableComponent
LogPluginManager: Mounting plugin CustomMeshComponent
LogPluginManager: Mounting plugin EditableMesh
LogPluginManager: Mounting plugin ExampleDeviceProfileSelector
LogPluginManager: Mounting plugin GoogleCloudMessaging
LogPluginManager: Mounting plugin IOSDeviceProfileSelector
LogPluginManager: Mounting plugin LinuxDeviceProfileSelector
LogPluginManager: Mounting plugin LocationServicesBPLibrary
LogPluginManager: Mounting plugin MobilePatchingUtils
LogPluginManager: Mounting plugin OculusVR
LogPluginManager: Mounting plugin PhysXVehicles
LogPluginManager: Mounting plugin ProceduralMeshComponent
LogPluginManager: Mounting plugin RuntimePhysXCooking
LogPluginManager: Mounting plugin SignificanceManager
LogPluginManager: Mounting plugin SteamVR
LogPluginManager: Mounting plugin WebMMoviePlayer
LogPluginManager: Mounting plugin WindowsMoviePlayer
LogPluginManager: Mounting plugin ScreenshotTools
LogInit: Using libcurl 7.55.1-DEV
LogInit:  - built for x86_64-pc-win32
LogInit:  - supports SSL with OpenSSL/1.1.1
LogInit:  - supports HTTP deflate (compression) using libz 1.2.8
LogInit:  - other features:
LogInit:      CURL_VERSION_SSL
LogInit:      CURL_VERSION_LIBZ
LogInit:      CURL_VERSION_IPV6
LogInit:      CURL_VERSION_ASYNCHDNS
LogInit:      CURL_VERSION_LARGEFILE
LogInit:      CURL_VERSION_IDN
LogInit:  CurlRequestOptions (configurable via config and command line):
LogInit:  - bVerifyPeer = true  - Libcurl will verify peer certificate
LogInit:  - bUseHttpProxy = false  - Libcurl will NOT use HTTP proxy
LogInit:  - bDontReuseConnections = false  - Libcurl will reuse connections
LogInit:  - MaxHostConnections = 16  - Libcurl will limit the number of connections to a host
LogInit:  - LocalHostAddr = Default
LogInit:  - BufferSize = 65536
LogOnline: OSS: Creating online subsystem instance for: NULL
LogInit: WinSock: version 1.1 (2.2), MaxSocks=32767, MaxUdp=65467
LogInit: Build: ++UE4+Release-4.23-CL-8386587
LogInit: Engine Version: 4.23.0-8386587+++UE4+Release-4.23
LogInit: Compatible Engine Version: 4.23.0-8386587+++UE4+Release-4.23
LogInit: Net CL: 8386587
LogInit: OS: Windows 10 (Release 1809) (), CPU: Intel(R) Core(TM) i7-8750H CPU @ 2.20GHz, GPU: Intel(R) UHD Graphics 630
LogInit: Compiled (64-bit): Aug 31 2019 02:04:44
LogInit: Compiled with Visual C++: 19.16.27030.01
LogInit: Build Configuration: Development
LogInit: Branch Name: ++UE4+Release-4.23
LogInit: Command Line: 
LogInit: Base Directory: C:/Program Files/Epic Games/UE_4.23/Engine/Binaries/Win64/
LogInit: Installed Engine Build: 1
LogDevObjectVersion: Number of dev versions registered: 23
LogDevObjectVersion:   Dev-Blueprints (B0D832E4-1F89-4F0D-ACCF-7EB736FD4AA2): 10
LogDevObjectVersion:   Dev-Build (E1C64328-A22C-4D53-A36C-8E866417BD8C): 0
LogDevObjectVersion:   Dev-Core (375EC13C-06E4-48FB-B500-84F0262A717E): 3
LogDevObjectVersion:   Dev-Editor (E4B068ED-F494-42E9-A231-DA0B2E46BB41): 34
LogDevObjectVersion:   Dev-Framework (CFFC743F-43B0-4480-9391-14DF171D2073): 35
LogDevObjectVersion:   Dev-Mobile (B02B49B5-BB20-44E9-A304-32B752E40360): 2
LogDevObjectVersion:   Dev-Networking (A4E4105C-59A1-49B5-A7C5-40C4547EDFEE): 0
LogDevObjectVersion:   Dev-Online (39C831C9-5AE6-47DC-9A44-9C173E1C8E7C): 0
LogDevObjectVersion:   Dev-Physics (78F01B33-EBEA-4F98-B9B4-84EACCB95AA2): 0
LogDevObjectVersion:   Dev-Platform (6631380F-2D4D-43E0-8009-CF276956A95A): 0
LogDevObjectVersion:   Dev-Rendering (12F88B9F-8875-4AFC-A67C-D90C383ABD29): 31
LogDevObjectVersion:   Dev-Sequencer (7B5AE74C-D270-4C10-A958-57980B212A5A): 11
LogDevObjectVersion:   Dev-VR (D7296918-1DD6-4BDD-9DE2-64A83CC13884): 2
LogDevObjectVersion:   Dev-LoadTimes (C2A15278-BFE7-4AFE-6C17-90FF531DF755): 1
LogDevObjectVersion:   Private-Geometry (6EACA3D4-40EC-4CC1-B786-8BED09428FC5): 3
LogDevObjectVersion:   Dev-AnimPhys (29E575DD-E0A3-4627-9D10-D276232CDCEA): 17
LogDevObjectVersion:   Dev-Anim (AF43A65D-7FD3-4947-9873-3E8ED9C1BB05): 2
LogDevObjectVersion:   Dev-ReflectionCapture (6B266CEC-1EC7-4B8F-A30B-E4D90942FC07): 1
LogDevObjectVersion:   Dev-Automation (0DF73D61-A23F-47EA-B727-89E90C41499A): 1
LogDevObjectVersion:   FortniteMain (601D1886-AC64-4F84-AA16-D3DE0DEAC7D6): 27
LogDevObjectVersion:   Dev-Enterprise (9DFFBCD6-494F-0158-E221-12823C92A888): 6
LogDevObjectVersion:   Dev-Niagara (F2AED0AC-9AFE-416F-8664-AA7FFA26D6FC): 1
LogDevObjectVersion:   Dev-Destruction (174F1F0B-B4C6-45A5-B13F-2EE8D0FB917D): 9
LogInit: Presizing for max 16777216 objects, including 0 objects not considered by GC, pre-allocating 0 bytes for permanent pool.
LogInit: Object subsystem initialized
LogConfig: Setting CVar [[con.DebugEarlyDefault:1]]
LogConfig: Setting CVar [[r.setres:1280x720]]
[2019.12.10-00.23.54:695][  0]LogConfig: Setting CVar [[r.VSync:0]]
[2019.12.10-00.23.54:695][  0]LogConfig: Setting CVar [[r.RHICmdBypass:0]]
[2019.12.10-00.23.54:695][  0]LogConfig: Applying CVar settings from Section [/Script/Engine.RendererSettings] File [C:/Users/handb/Desktop/CPSC Projects/CPSC 386/Crossy-Road/RPY_CrossyRoad/Cross_Road/Saved/Config/Windows/Engine.ini]
[2019.12.10-00.23.54:695][  0]LogConfig: Setting CVar [[r.GPUCrashDebugging:0]]
[2019.12.10-00.23.54:695][  0]LogConfig: Setting CVar [[r.DefaultFeature.AutoExposure.ExtendDefaultLuminanceRange:1]]
[2019.12.10-00.23.54:695][  0]LogConfig: Applying CVar settings from Section [/Script/Engine.RendererOverrideSettings] File [C:/Users/handb/Desktop/CPSC Projects/CPSC 386/Crossy-Road/RPY_CrossyRoad/Cross_Road/Saved/Config/Windows/Engine.ini]
[2019.12.10-00.23.54:695][  0]LogConfig: Applying CVar settings from Section [/Script/Engine.StreamingSettings] File [C:/Users/handb/Desktop/CPSC Projects/CPSC 386/Crossy-Road/RPY_CrossyRoad/Cross_Road/Saved/Config/Windows/Engine.ini]
[2019.12.10-00.23.54:696][  0]LogConfig: Setting CVar [[s.MinBulkDataSizeForAsyncLoading:131072]]
[2019.12.10-00.23.54:696][  0]LogConfig: Setting CVar [[s.AsyncLoadingThreadEnabled:0]]
[2019.12.10-00.23.54:696][  0]LogConfig: Setting CVar [[s.EventDrivenLoaderEnabled:1]]
[2019.12.10-00.23.54:696][  0]LogConfig: Setting CVar [[s.WarnIfTimeLimitExceeded:0]]
[2019.12.10-00.23.54:696][  0]LogConfig: Setting CVar [[s.TimeLimitExceededMultiplier:1.5]]
[2019.12.10-00.23.54:696][  0]LogConfig: Setting CVar [[s.TimeLimitExceededMinTime:0.005]]
[2019.12.10-00.23.54:696][  0]LogConfig: Setting CVar [[s.UseBackgroundLevelStreaming:1]]
[2019.12.10-00.23.54:696][  0]LogConfig: Setting CVar [[s.PriorityAsyncLoadingExtraTime:15.0]]
[2019.12.10-00.23.54:696][  0]LogConfig: Setting CVar [[s.LevelStreamingActorsUpdateTimeLimit:5.0]]
[2019.12.10-00.23.54:696][  0]LogConfig: Setting CVar [[s.PriorityLevelStreamingActorsUpdateExtraTime:5.0]]
[2019.12.10-00.23.54:696][  0]LogConfig: Setting CVar [[s.LevelStreamingComponentsRegistrationGranularity:10]]
[2019.12.10-00.23.54:696][  0]LogConfig: Setting CVar [[s.UnregisterComponentsTimeLimit:1.0]]
[2019.12.10-00.23.54:696][  0]LogConfig: Setting CVar [[s.LevelStreamingComponentsUnregistrationGranularity:5]]
[2019.12.10-00.23.54:696][  0]LogConfig: Applying CVar settings from Section [/Script/Engine.GarbageCollectionSettings] File [C:/Users/handb/Desktop/CPSC Projects/CPSC 386/Crossy-Road/RPY_CrossyRoad/Cross_Road/Saved/Config/Windows/Engine.ini]
[2019.12.10-00.23.54:696][  0]LogConfig: Setting CVar [[gc.MaxObjectsNotConsideredByGC:1]]
[2019.12.10-00.23.54:696][  0]LogConfig: Setting CVar [[gc.SizeOfPermanentObjectPool:0]]
[2019.12.10-00.23.54:696][  0]LogConfig: Setting CVar [[gc.FlushStreamingOnGC:0]]
[2019.12.10-00.23.54:697][  0]LogConfig: Setting CVar [[gc.NumRetriesBeforeForcingGC:10]]
[2019.12.10-00.23.54:697][  0]LogConfig: Setting CVar [[gc.AllowParallelGC:1]]
[2019.12.10-00.23.54:697][  0]LogConfig: Setting CVar [[gc.TimeBetweenPurgingPendingKillObjects:61.1]]
[2019.12.10-00.23.54:697][  0]LogConfig: Setting CVar [[gc.MaxObjectsInEditor:16777216]]
[2019.12.10-00.23.54:697][  0]LogConfig: Setting CVar [[gc.IncrementalBeginDestroyEnabled:1]]
[2019.12.10-00.23.54:697][  0]LogConfig: Setting CVar [[gc.CreateGCClusters:1]]
[2019.12.10-00.23.54:697][  0]LogConfig: Setting CVar [[gc.MinGCClusterSize:5]]
[2019.12.10-00.23.54:697][  0]LogConfig: Setting CVar [[gc.ActorClusteringEnabled:0]]
[2019.12.10-00.23.54:697][  0]LogConfig: Setting CVar [[gc.BlueprintClusteringEnabled:0]]
[2019.12.10-00.23.54:697][  0]LogConfig: Setting CVar [[gc.UseDisregardForGCOnDedicatedServers:0]]
[2019.12.10-00.23.54:697][  0]LogConfig: Applying CVar settings from Section [/Script/Engine.NetworkSettings] File [C:/Users/handb/Desktop/CPSC Projects/CPSC 386/Crossy-Road/RPY_CrossyRoad/Cross_Road/Saved/Config/Windows/Engine.ini]
[2019.12.10-00.23.54:697][  0]LogConfig: Applying CVar settings from Section [/Script/UnrealEd.CookerSettings] File [C:/Users/handb/Desktop/CPSC Projects/CPSC 386/Crossy-Road/RPY_CrossyRoad/Cross_Road/Saved/Config/Windows/Engine.ini]
[2019.12.10-00.23.54:712][  0]LogConfig: Applying CVar settings from Section [ViewDistanceQuality@3] File [C:/Users/handb/Desktop/CPSC Projects/CPSC 386/Crossy-Road/RPY_CrossyRoad/Cross_Road/Saved/Config/Windows/Scalability.ini]
[2019.12.10-00.23.54:712][  0]LogConfig: Setting CVar [[r.SkeletalMeshLODBias:0]]
[2019.12.10-00.23.54:712][  0]LogConfig: Setting CVar [[r.ViewDistanceScale:1.0]]
[2019.12.10-00.23.54:712][  0]LogConfig: Applying CVar settings from Section [AntiAliasingQuality@3] File [C:/Users/handb/Desktop/CPSC Projects/CPSC 386/Crossy-Road/RPY_CrossyRoad/Cross_Road/Saved/Config/Windows/Scalability.ini]
[2019.12.10-00.23.54:712][  0]LogConfig: Setting CVar [[r.PostProcessAAQuality:4]]
[2019.12.10-00.23.54:713][  0]LogConfig: Applying CVar settings from Section [ShadowQuality@3] File [C:/Users/handb/Desktop/CPSC Projects/CPSC 386/Crossy-Road/RPY_CrossyRoad/Cross_Road/Saved/Config/Windows/Scalability.ini]
[2019.12.10-00.23.54:713][  0]LogConfig: Setting CVar [[r.LightFunctionQuality:1]]
[2019.12.10-00.23.54:713][  0]LogConfig: Setting CVar [[r.ShadowQuality:5]]
[2019.12.10-00.23.54:713][  0]LogConfig: Setting CVar [[r.Shadow.CSM.MaxCascades:10]]
[2019.12.10-00.23.54:714][  0]LogConfig: Setting CVar [[r.Shadow.MaxResolution:2048]]
[2019.12.10-00.23.54:714][  0]LogConfig: Setting CVar [[r.Shadow.MaxCSMResolution:2048]]
[2019.12.10-00.23.54:714][  0]LogConfig: Setting CVar [[r.Shadow.RadiusThreshold:0.01]]
[2019.12.10-00.23.54:714][  0]LogConfig: Setting CVar [[r.Shadow.DistanceScale:1.0]]
[2019.12.10-00.23.54:714][  0]LogConfig: Setting CVar [[r.Shadow.CSM.TransitionScale:1.0]]
[2019.12.10-00.23.54:714][  0]LogConfig: Setting CVar [[r.Shadow.PreShadowResolutionFactor:1.0]]
[2019.12.10-00.23.54:714][  0]LogConfig: Setting CVar [[r.DistanceFieldShadowing:1]]
[2019.12.10-00.23.54:714][  0]LogConfig: Setting CVar [[r.DistanceFieldAO:1]]
[2019.12.10-00.23.54:714][  0]LogConfig: Setting CVar [[r.AOQuality:2]]
[2019.12.10-00.23.54:714][  0]LogConfig: Setting CVar [[r.VolumetricFog:1]]
[2019.12.10-00.23.54:714][  0]LogConfig: Setting CVar [[r.VolumetricFog.GridPixelSize:8]]
[2019.12.10-00.23.54:714][  0]LogConfig: Setting CVar [[r.VolumetricFog.GridSizeZ:128]]
[2019.12.10-00.23.54:714][  0]LogConfig: Setting CVar [[r.VolumetricFog.HistoryMissSupersampleCount:4]]
[2019.12.10-00.23.54:714][  0]LogConfig: Setting CVar [[r.LightMaxDrawDistanceScale:1]]
[2019.12.10-00.23.54:714][  0]LogConfig: Setting CVar [[r.CapsuleShadows:1]]
[2019.12.10-00.23.54:714][  0]LogConfig: Applying CVar settings from Section [PostProcessQuality@3] File [C:/Users/handb/Desktop/CPSC Projects/CPSC 386/Crossy-Road/RPY_CrossyRoad/Cross_Road/Saved/Config/Windows/Scalability.ini]
[2019.12.10-00.23.54:714][  0]LogConfig: Setting CVar [[r.MotionBlurQuality:4]]
[2019.12.10-00.23.54:714][  0]LogConfig: Setting CVar [[r.AmbientOcclusionMipLevelFactor:0.4]]
[2019.12.10-00.23.54:714][  0]LogConfig: Setting CVar [[r.AmbientOcclusionMaxQuality:100]]
[2019.12.10-00.23.54:714][  0]LogConfig: Setting CVar [[r.AmbientOcclusionLevels:-1]]
[2019.12.10-00.23.54:714][  0]LogConfig: Setting CVar [[r.AmbientOcclusionRadiusScale:1.0]]
[2019.12.10-00.23.54:714][  0]LogConfig: Setting CVar [[r.DepthOfFieldQuality:2]]
[2019.12.10-00.23.54:714][  0]LogConfig: Setting CVar [[r.RenderTargetPoolMin:400]]
[2019.12.10-00.23.54:714][  0]LogConfig: Setting CVar [[r.LensFlareQuality:2]]
[2019.12.10-00.23.54:715][  0]LogConfig: Setting CVar [[r.SceneColorFringeQuality:1]]
[2019.12.10-00.23.54:715][  0]LogConfig: Setting CVar [[r.EyeAdaptationQuality:2]]
[2019.12.10-00.23.54:715][  0]LogConfig: Setting CVar [[r.BloomQuality:5]]
[2019.12.10-00.23.54:715][  0]LogConfig: Setting CVar [[r.FastBlurThreshold:100]]
[2019.12.10-00.23.54:715][  0]LogConfig: Setting CVar [[r.Upscale.Quality:3]]
[2019.12.10-00.23.54:715][  0]LogConfig: Setting CVar [[r.Tonemapper.GrainQuantization:1]]
[2019.12.10-00.23.54:715][  0]LogConfig: Setting CVar [[r.LightShaftQuality:1]]
[2019.12.10-00.23.54:715][  0]LogConfig: Setting CVar [[r.Filter.SizeScale:1]]
[2019.12.10-00.23.54:715][  0]LogConfig: Setting CVar [[r.Tonemapper.Quality:5]]
[2019.12.10-00.23.54:715][  0]LogConfig: Setting CVar [[r.DOF.Gather.AccumulatorQuality:1        ; higher gathering accumulator quality]]
[2019.12.10-00.23.54:715][  0]LogConfig: Setting CVar [[r.DOF.Gather.PostfilterMethod:1          ; Median3x3 postfilering method]]
[2019.12.10-00.23.54:715][  0]LogConfig: Setting CVar [[r.DOF.Gather.EnableBokehSettings:0       ; no bokeh simulation when gathering]]
[2019.12.10-00.23.54:715][  0]LogConfig: Setting CVar [[r.DOF.Gather.RingCount:4                 ; medium number of samples when gathering]]
[2019.12.10-00.23.54:715][  0]LogConfig: Setting CVar [[r.DOF.Scatter.ForegroundCompositing:1    ; additive foreground scattering]]
[2019.12.10-00.23.54:715][  0]LogConfig: Setting CVar [[r.DOF.Scatter.BackgroundCompositing:2    ; additive background scattering]]
[2019.12.10-00.23.54:715][  0]LogConfig: Setting CVar [[r.DOF.Scatter.EnableBokehSettings:1      ; bokeh simulation when scattering]]
[2019.12.10-00.23.54:715][  0]LogConfig: Setting CVar [[r.DOF.Scatter.MaxSpriteRatio:0.1         ; only a maximum of 10% of scattered bokeh]]
[2019.12.10-00.23.54:716][  0]LogConfig: Setting CVar [[r.DOF.Recombine.Quality:1                ; cheap slight out of focus]]
[2019.12.10-00.23.54:716][  0]LogConfig: Setting CVar [[r.DOF.Recombine.EnableBokehSettings:0    ; no bokeh simulation on slight out of focus]]
[2019.12.10-00.23.54:716][  0]LogConfig: Setting CVar [[r.DOF.TemporalAAQuality:1                ; more stable temporal accumulation]]
[2019.12.10-00.23.54:716][  0]LogConfig: Setting CVar [[r.DOF.Kernel.MaxForegroundRadius:0.025]]
[2019.12.10-00.23.54:716][  0]LogConfig: Setting CVar [[r.DOF.Kernel.MaxBackgroundRadius:0.025]]
[2019.12.10-00.23.54:716][  0]LogConfig: Applying CVar settings from Section [TextureQuality@3] File [C:/Users/handb/Desktop/CPSC Projects/CPSC 386/Crossy-Road/RPY_CrossyRoad/Cross_Road/Saved/Config/Windows/Scalability.ini]
[2019.12.10-00.23.54:716][  0]LogConfig: Setting CVar [[r.Streaming.MipBias:0]]
[2019.12.10-00.23.54:716][  0]LogConfig: Setting CVar [[r.Streaming.AmortizeCPUToGPUCopy:0]]
[2019.12.10-00.23.54:716][  0]LogConfig: Setting CVar [[r.Streaming.MaxNumTexturesToStreamPerFrame:0]]
[2019.12.10-00.23.54:716][  0]LogConfig: Setting CVar [[r.Streaming.Boost:1]]
[2019.12.10-00.23.54:716][  0]LogConfig: Setting CVar [[r.MaxAnisotropy:8]]
[2019.12.10-00.23.54:716][  0]LogConfig: Setting CVar [[r.Streaming.LimitPoolSizeToVRAM:0]]
[2019.12.10-00.23.54:716][  0]LogConfig: Setting CVar [[r.Streaming.PoolSize:1000]]
[2019.12.10-00.23.54:716][  0]LogConfig: Setting CVar [[r.Streaming.MaxEffectiveScreenSize:0]]
[2019.12.10-00.23.54:717][  0]LogConfig: Applying CVar settings from Section [EffectsQuality@3] File [C:/Users/handb/Desktop/CPSC Projects/CPSC 386/Crossy-Road/RPY_CrossyRoad/Cross_Road/Saved/Config/Windows/Scalability.ini]
[2019.12.10-00.23.54:717][  0]LogConfig: Setting CVar [[r.TranslucencyLightingVolumeDim:64]]
[2019.12.10-00.23.54:717][  0]LogConfig: Setting CVar [[r.RefractionQuality:2]]
[2019.12.10-00.23.54:717][  0]LogConfig: Setting CVar [[r.SSR.Quality:3]]
[2019.12.10-00.23.54:717][  0]LogConfig: Setting CVar [[r.SceneColorFormat:4]]
[2019.12.10-00.23.54:717][  0]LogConfig: Setting CVar [[r.DetailMode:2]]
[2019.12.10-00.23.54:717][  0]LogConfig: Setting CVar [[r.TranslucencyVolumeBlur:1]]
[2019.12.10-00.23.54:717][  0]LogConfig: Setting CVar [[r.MaterialQualityLevel:1 ; High quality]]
[2019.12.10-00.23.54:717][  0]LogConfig: Setting CVar [[r.SSS.Scale:1]]
[2019.12.10-00.23.54:717][  0]LogConfig: Setting CVar [[r.SSS.SampleSet:2]]
[2019.12.10-00.23.54:717][  0]LogConfig: Setting CVar [[r.SSS.Quality:1]]
[2019.12.10-00.23.54:717][  0]LogConfig: Setting CVar [[r.SSS.HalfRes:1]]
[2019.12.10-00.23.54:717][  0]LogConfig: Setting CVar [[r.EmitterSpawnRateScale:1.0]]
[2019.12.10-00.23.54:717][  0]LogConfig: Setting CVar [[r.ParticleLightQuality:2]]
[2019.12.10-00.23.54:717][  0]LogConfig: Applying CVar settings from Section [FoliageQuality@3] File [C:/Users/handb/Desktop/CPSC Projects/CPSC 386/Crossy-Road/RPY_CrossyRoad/Cross_Road/Saved/Config/Windows/Scalability.ini]
[2019.12.10-00.23.54:718][  0]LogConfig: Setting CVar [[foliage.DensityScale:1.0]]
[2019.12.10-00.23.54:718][  0]LogConfig: Setting CVar [[grass.DensityScale:1.0]]
[2019.12.10-00.23.54:718][  0]LogInit: Selected Device Profile: [Windows]
[2019.12.10-00.23.54:718][  0]LogInit: Applying CVar settings loaded from the selected device profile: [Windows]
[2019.12.10-00.23.54:728][  0]LogHAL: Display: Platform has ~ 16 GB [16983638016 / 17179869184 / 16], which maps to Larger [LargestMinGB=32, LargerMinGB=12, DefaultMinGB=8, SmallerMinGB=6, SmallestMinGB=0)
[2019.12.10-00.23.54:728][  0]LogInit: Going up to parent DeviceProfile []
[2019.12.10-00.23.54:728][  0]LogConfig: Applying CVar settings from Section [ViewDistanceQuality@3] File [C:/Users/handb/Desktop/CPSC Projects/CPSC 386/Crossy-Road/RPY_CrossyRoad/Cross_Road/Saved/Config/Windows/Scalability.ini]
[2019.12.10-00.23.54:728][  0]LogConfig: Setting CVar [[r.SkeletalMeshLODBias:0]]
[2019.12.10-00.23.54:729][  0]LogConfig: Setting CVar [[r.ViewDistanceScale:1.0]]
[2019.12.10-00.23.54:729][  0]LogConfig: Applying CVar settings from Section [AntiAliasingQuality@3] File [C:/Users/handb/Desktop/CPSC Projects/CPSC 386/Crossy-Road/RPY_CrossyRoad/Cross_Road/Saved/Config/Windows/Scalability.ini]
[2019.12.10-00.23.54:729][  0]LogConfig: Setting CVar [[r.PostProcessAAQuality:4]]
[2019.12.10-00.23.54:729][  0]LogConfig: Applying CVar settings from Section [ShadowQuality@3] File [C:/Users/handb/Desktop/CPSC Projects/CPSC 386/Crossy-Road/RPY_CrossyRoad/Cross_Road/Saved/Config/Windows/Scalability.ini]
[2019.12.10-00.23.54:729][  0]LogConfig: Setting CVar [[r.LightFunctionQuality:1]]
[2019.12.10-00.23.54:729][  0]LogConfig: Setting CVar [[r.ShadowQuality:5]]
[2019.12.10-00.23.54:729][  0]LogConfig: Setting CVar [[r.Shadow.CSM.MaxCascades:10]]
[2019.12.10-00.23.54:729][  0]LogConfig: Setting CVar [[r.Shadow.MaxResolution:2048]]
[2019.12.10-00.23.54:729][  0]LogConfig: Setting CVar [[r.Shadow.MaxCSMResolution:2048]]
[2019.12.10-00.23.54:729][  0]LogConfig: Setting CVar [[r.Shadow.RadiusThreshold:0.01]]
[2019.12.10-00.23.54:729][  0]LogConfig: Setting CVar [[r.Shadow.DistanceScale:1.0]]
[2019.12.10-00.23.54:729][  0]LogConfig: Setting CVar [[r.Shadow.CSM.TransitionScale:1.0]]
[2019.12.10-00.23.54:729][  0]LogConfig: Setting CVar [[r.Shadow.PreShadowResolutionFactor:1.0]]
[2019.12.10-00.23.54:729][  0]LogConfig: Setting CVar [[r.DistanceFieldShadowing:1]]
[2019.12.10-00.23.54:729][  0]LogConfig: Setting CVar [[r.DistanceFieldAO:1]]
[2019.12.10-00.23.54:729][  0]LogConfig: Setting CVar [[r.AOQuality:2]]
[2019.12.10-00.23.54:729][  0]LogConfig: Setting CVar [[r.VolumetricFog:1]]
[2019.12.10-00.23.54:729][  0]LogConfig: Setting CVar [[r.VolumetricFog.GridPixelSize:8]]
[2019.12.10-00.23.54:730][  0]LogConfig: Setting CVar [[r.VolumetricFog.GridSizeZ:128]]
[2019.12.10-00.23.54:730][  0]LogConfig: Setting CVar [[r.VolumetricFog.HistoryMissSupersampleCount:4]]
[2019.12.10-00.23.54:730][  0]LogConfig: Setting CVar [[r.LightMaxDrawDistanceScale:1]]
[2019.12.10-00.23.54:730][  0]LogConfig: Setting CVar [[r.CapsuleShadows:1]]
[2019.12.10-00.23.54:730][  0]LogConfig: Applying CVar settings from Section [PostProcessQuality@3] File [C:/Users/handb/Desktop/CPSC Projects/CPSC 386/Crossy-Road/RPY_CrossyRoad/Cross_Road/Saved/Config/Windows/Scalability.ini]
[2019.12.10-00.23.54:730][  0]LogConfig: Setting CVar [[r.MotionBlurQuality:4]]
[2019.12.10-00.23.54:730][  0]LogConfig: Setting CVar [[r.AmbientOcclusionMipLevelFactor:0.4]]
[2019.12.10-00.23.54:730][  0]LogConfig: Setting CVar [[r.AmbientOcclusionMaxQuality:100]]
[2019.12.10-00.23.54:730][  0]LogConfig: Setting CVar [[r.AmbientOcclusionLevels:-1]]
[2019.12.10-00.23.54:730][  0]LogConfig: Setting CVar [[r.AmbientOcclusionRadiusScale:1.0]]
[2019.12.10-00.23.54:730][  0]LogConfig: Setting CVar [[r.DepthOfFieldQuality:2]]
[2019.12.10-00.23.54:730][  0]LogConfig: Setting CVar [[r.RenderTargetPoolMin:400]]
[2019.12.10-00.23.54:730][  0]LogConfig: Setting CVar [[r.LensFlareQuality:2]]
[2019.12.10-00.23.54:730][  0]LogConfig: Setting CVar [[r.SceneColorFringeQuality:1]]
[2019.12.10-00.23.54:730][  0]LogConfig: Setting CVar [[r.EyeAdaptationQuality:2]]
[2019.12.10-00.23.54:730][  0]LogConfig: Setting CVar [[r.BloomQuality:5]]
[2019.12.10-00.23.54:730][  0]LogConfig: Setting CVar [[r.FastBlurThreshold:100]]
[2019.12.10-00.23.54:732][  0]LogConfig: Setting CVar [[r.Upscale.Quality:3]]
[2019.12.10-00.23.54:732][  0]LogConfig: Setting CVar [[r.Tonemapper.GrainQuantization:1]]
[2019.12.10-00.23.54:732][  0]LogConfig: Setting CVar [[r.LightShaftQuality:1]]
[2019.12.10-00.23.54:732][  0]LogConfig: Setting CVar [[r.Filter.SizeScale:1]]
[2019.12.10-00.23.54:732][  0]LogConfig: Setting CVar [[r.Tonemapper.Quality:5]]
[2019.12.10-00.23.54:732][  0]LogConfig: Setting CVar [[r.DOF.Gather.AccumulatorQuality:1        ; higher gathering accumulator quality]]
[2019.12.10-00.23.54:732][  0]LogConfig: Setting CVar [[r.DOF.Gather.PostfilterMethod:1          ; Median3x3 postfilering method]]
[2019.12.10-00.23.54:732][  0]LogConfig: Setting CVar [[r.DOF.Gather.EnableBokehSettings:0       ; no bokeh simulation when gathering]]
[2019.12.10-00.23.54:732][  0]LogConfig: Setting CVar [[r.DOF.Gather.RingCount:4                 ; medium number of samples when gathering]]
[2019.12.10-00.23.54:734][  0]LogConfig: Setting CVar [[r.DOF.Scatter.ForegroundCompositing:1    ; additive foreground scattering]]
[2019.12.10-00.23.54:734][  0]LogConfig: Setting CVar [[r.DOF.Scatter.BackgroundCompositing:2    ; additive background scattering]]
[2019.12.10-00.23.54:734][  0]LogConfig: Setting CVar [[r.DOF.Scatter.EnableBokehSettings:1      ; bokeh simulation when scattering]]
[2019.12.10-00.23.54:734][  0]LogConfig: Setting CVar [[r.DOF.Scatter.MaxSpriteRatio:0.1         ; only a maximum of 10% of scattered bokeh]]
[2019.12.10-00.23.54:734][  0]LogConfig: Setting CVar [[r.DOF.Recombine.Quality:1                ; cheap slight out of focus]]
[2019.12.10-00.23.54:734][  0]LogConfig: Setting CVar [[r.DOF.Recombine.EnableBokehSettings:0    ; no bokeh simulation on slight out of focus]]
[2019.12.10-00.23.54:734][  0]LogConfig: Setting CVar [[r.DOF.TemporalAAQuality:1                ; more stable temporal accumulation]]
[2019.12.10-00.23.54:734][  0]LogConfig: Setting CVar [[r.DOF.Kernel.MaxForegroundRadius:0.025]]
[2019.12.10-00.23.54:734][  0]LogConfig: Setting CVar [[r.DOF.Kernel.MaxBackgroundRadius:0.025]]
[2019.12.10-00.23.54:734][  0]LogConfig: Applying CVar settings from Section [TextureQuality@3] File [C:/Users/handb/Desktop/CPSC Projects/CPSC 386/Crossy-Road/RPY_CrossyRoad/Cross_Road/Saved/Config/Windows/Scalability.ini]
[2019.12.10-00.23.54:734][  0]LogConfig: Setting CVar [[r.Streaming.MipBias:0]]
[2019.12.10-00.23.54:734][  0]LogConfig: Setting CVar [[r.Streaming.AmortizeCPUToGPUCopy:0]]
[2019.12.10-00.23.54:734][  0]LogConfig: Setting CVar [[r.Streaming.MaxNumTexturesToStreamPerFrame:0]]
[2019.12.10-00.23.54:734][  0]LogConfig: Setting CVar [[r.Streaming.Boost:1]]
[2019.12.10-00.23.54:734][  0]LogConfig: Setting CVar [[r.MaxAnisotropy:8]]
[2019.12.10-00.23.54:734][  0]LogConfig: Setting CVar [[r.Streaming.LimitPoolSizeToVRAM:0]]
[2019.12.10-00.23.54:734][  0]LogConfig: Setting CVar [[r.Streaming.PoolSize:1000]]
[2019.12.10-00.23.54:734][  0]LogConfig: Setting CVar [[r.Streaming.MaxEffectiveScreenSize:0]]
[2019.12.10-00.23.54:734][  0]LogConfig: Applying CVar settings from Section [EffectsQuality@3] File [C:/Users/handb/Desktop/CPSC Projects/CPSC 386/Crossy-Road/RPY_CrossyRoad/Cross_Road/Saved/Config/Windows/Scalability.ini]
[2019.12.10-00.23.54:734][  0]LogConfig: Setting CVar [[r.TranslucencyLightingVolumeDim:64]]
[2019.12.10-00.23.54:734][  0]LogConfig: Setting CVar [[r.RefractionQuality:2]]
[2019.12.10-00.23.54:734][  0]LogConfig: Setting CVar [[r.SSR.Quality:3]]
[2019.12.10-00.23.54:734][  0]LogConfig: Setting CVar [[r.SceneColorFormat:4]]
[2019.12.10-00.23.54:734][  0]LogConfig: Setting CVar [[r.DetailMode:2]]
[2019.12.10-00.23.54:734][  0]LogConfig: Setting CVar [[r.TranslucencyVolumeBlur:1]]
[2019.12.10-00.23.54:734][  0]LogConfig: Setting CVar [[r.MaterialQualityLevel:1 ; High quality]]
[2019.12.10-00.23.54:734][  0]LogConfig: Setting CVar [[r.SSS.Scale:1]]
[2019.12.10-00.23.54:734][  0]LogConfig: Setting CVar [[r.SSS.SampleSet:2]]
[2019.12.10-00.23.54:734][  0]LogConfig: Setting CVar [[r.SSS.Quality:1]]
[2019.12.10-00.23.54:734][  0]LogConfig: Setting CVar [[r.SSS.HalfRes:1]]
[2019.12.10-00.23.54:734][  0]LogConfig: Setting CVar [[r.EmitterSpawnRateScale:1.0]]
[2019.12.10-00.23.54:735][  0]LogConfig: Setting CVar [[r.ParticleLightQuality:2]]
[2019.12.10-00.23.54:735][  0]LogConfig: Applying CVar settings from Section [FoliageQuality@3] File [C:/Users/handb/Desktop/CPSC Projects/CPSC 386/Crossy-Road/RPY_CrossyRoad/Cross_Road/Saved/Config/Windows/Scalability.ini]
[2019.12.10-00.23.54:735][  0]LogConfig: Setting CVar [[foliage.DensityScale:1.0]]
[2019.12.10-00.23.54:735][  0]LogConfig: Setting CVar [[grass.DensityScale:1.0]]
[2019.12.10-00.23.54:735][  0]LogConfig: Applying CVar settings from Section [Startup] File [../../../Engine/Config/ConsoleVariables.ini]
[2019.12.10-00.23.54:736][  0]LogConfig: Setting CVar [[net.UseAdaptiveNetUpdateFrequency:0]]
[2019.12.10-00.23.54:736][  0]LogConfig: Setting CVar [[p.chaos.AllowCreatePhysxBodies:1]]
[2019.12.10-00.23.54:736][  0]LogConfig: Applying CVar settings from Section [ConsoleVariables] File [C:/Users/handb/Desktop/CPSC Projects/CPSC 386/Crossy-Road/RPY_CrossyRoad/Cross_Road/Saved/Config/Windows/Engine.ini]
[2019.12.10-00.23.54:736][  0]LogInit: Computer: DESKTOP-2AL359U
[2019.12.10-00.23.54:736][  0]LogInit: User: handb
[2019.12.10-00.23.54:737][  0]LogInit: CPU Page size=4096, Cores=6
[2019.12.10-00.23.54:737][  0]LogInit: High frequency timer resolution =10.000000 MHz
[2019.12.10-00.23.54:737][  0]LogMemory: Memory total: Physical=15.8GB (16GB approx)
[2019.12.10-00.23.54:737][  0]LogMemory: Platform Memory Stats for Windows
[2019.12.10-00.23.54:737][  0]LogMemory: Process Physical Memory: 101.27 MB used, 101.27 MB peak
[2019.12.10-00.23.54:737][  0]LogMemory: Process Virtual Memory: 101.55 MB used, 101.55 MB peak
[2019.12.10-00.23.54:737][  0]LogMemory: Physical Memory: 9693.75 MB used,  6503.11 MB free, 16196.86 MB total
[2019.12.10-00.23.54:738][  0]LogMemory: Virtual Memory: 4701.04 MB used,  134213024.00 MB free, 134217728.00 MB total
[2019.12.10-00.23.54:946][  0]LogWindows: WindowsPlatformFeatures enabled
[2019.12.10-00.23.54:997][  0]LogInit: Using OS detected language (en-US).
[2019.12.10-00.23.54:997][  0]LogInit: Using OS detected locale (en-US).
[2019.12.10-00.23.54:998][  0]LogTextLocalizationManager: No specific localization for 'en-US' exists, so the 'en' localization will be used.
[2019.12.10-00.23.55:527][  0]LogInit: Setting process to per monitor DPI aware
[2019.12.10-00.23.55:694][  0]LogSlate: New Slate User Created.  User Index 0, Is Virtual User: 0
[2019.12.10-00.23.55:694][  0]LogSlate: Slate User Registered.  User Index 0, Is Virtual User: 0
[2019.12.10-00.23.56:344][  0]LogHMD: Failed to initialize OpenVR with code 110
[2019.12.10-00.23.56:344][  0]LogD3D11RHI: D3D11 adapters:
[2019.12.10-00.23.56:500][  0]LogD3D11RHI:    0. 'NVIDIA GeForce RTX 2060' (Feature Level 11_0)
[2019.12.10-00.23.56:500][  0]LogD3D11RHI:       5980/0/8098 MB DedicatedVideo/DedicatedSystem/SharedSystem, Outputs:1, VendorId:0x10de
[2019.12.10-00.23.56:528][  0]LogD3D11RHI:    1. 'Intel(R) UHD Graphics 630' (Feature Level 11_0)
[2019.12.10-00.23.56:528][  0]LogD3D11RHI:       128/0/8098 MB DedicatedVideo/DedicatedSystem/SharedSystem, Outputs:0, VendorId:0x8086
[2019.12.10-00.23.56:533][  0]LogD3D11RHI:    2. 'Microsoft Basic Render Driver' (Feature Level 11_0)
[2019.12.10-00.23.56:533][  0]LogD3D11RHI:       0/0/8098 MB DedicatedVideo/DedicatedSystem/SharedSystem, Outputs:0, VendorId:0x1414
[2019.12.10-00.23.56:533][  0]LogD3D11RHI: Chosen D3D11 Adapter: 0
[2019.12.10-00.23.56:630][  0]LogD3D11RHI: Creating new Direct3DDevice
[2019.12.10-00.23.56:630][  0]LogD3D11RHI:     GPU DeviceId: 0x1f11 (for the marketing name, search the web for "GPU Device Id")
[2019.12.10-00.23.56:630][  0]LogWindows: EnumDisplayDevices:
[2019.12.10-00.23.56:630][  0]LogWindows:    0. 'Intel(R) UHD Graphics 630' (P:1 D:1)
[2019.12.10-00.23.56:631][  0]LogWindows:    1. 'Intel(R) UHD Graphics 630' (P:0 D:0)
[2019.12.10-00.23.56:632][  0]LogWindows:    2. 'Intel(R) UHD Graphics 630' (P:0 D:0)
[2019.12.10-00.23.56:632][  0]LogWindows:    3. 'NVIDIA GeForce RTX 2060' (P:0 D:0)
[2019.12.10-00.23.56:633][  0]LogWindows:    4. 'NVIDIA GeForce RTX 2060' (P:0 D:0)
[2019.12.10-00.23.56:633][  0]LogWindows:    5. 'NVIDIA GeForce RTX 2060' (P:0 D:0)
[2019.12.10-00.23.56:634][  0]LogWindows:    6. 'NVIDIA GeForce RTX 2060' (P:0 D:0)
[2019.12.10-00.23.56:635][  0]LogWindows: DebugString: PrimaryIsNotTheChoosenAdapter PrimaryIsNotTheChoosenAdapter PrimaryIsNotTheChoosenAdapter FoundDriverCount:4 
[2019.12.10-00.23.56:635][  0]LogD3D11RHI:     Adapter Name: NVIDIA GeForce RTX 2060
[2019.12.10-00.23.56:635][  0]LogD3D11RHI:   Driver Version: 431.22 (internal:26.21.14.3122, unified:431.22)
[2019.12.10-00.23.56:636][  0]LogD3D11RHI:      Driver Date: 6-22-2019
[2019.12.10-00.23.56:636][  0]LogRHI: Texture pool is 4186 MB (70% of 5980 MB)
[2019.12.10-00.23.56:762][  0]LogD3D11RHI: Async texture creation enabled
[2019.12.10-00.23.56:786][  0]LogD3D11RHI: GPU Timing Frequency: 1000.000000 (Debug: 2 2)
[2019.12.10-00.23.57:477][  0]LogTemp: Display: Module 'AllDesktopTargetPlatform' loaded TargetPlatform 'AllDesktop'
[2019.12.10-00.23.57:493][  0]LogTemp: Display: Module 'MacClientTargetPlatform' loaded TargetPlatform 'MacClient'
[2019.12.10-00.23.57:508][  0]LogTemp: Display: Module 'MacNoEditorTargetPlatform' loaded TargetPlatform 'MacNoEditor'
[2019.12.10-00.23.57:519][  0]LogTemp: Display: Module 'MacServerTargetPlatform' loaded TargetPlatform 'MacServer'
[2019.12.10-00.23.57:532][  0]LogTemp: Display: Module 'MacTargetPlatform' loaded TargetPlatform 'Mac'
[2019.12.10-00.23.57:546][  0]LogTemp: Display: Module 'WindowsClientTargetPlatform' loaded TargetPlatform 'WindowsClient'
[2019.12.10-00.23.57:558][  0]LogTemp: Display: Module 'WindowsNoEditorTargetPlatform' loaded TargetPlatform 'WindowsNoEditor'
[2019.12.10-00.23.57:573][  0]LogTemp: Display: Module 'WindowsServerTargetPlatform' loaded TargetPlatform 'WindowsServer'
[2019.12.10-00.23.57:581][  0]LogTemp: Display: Module 'WindowsTargetPlatform' loaded TargetPlatform 'Windows'
[2019.12.10-00.23.57:649][  0]LogTemp: Display: Module 'AndroidTargetPlatform' loaded TargetPlatform 'Android'
[2019.12.10-00.23.57:649][  0]LogTemp: Display: Module 'AndroidTargetPlatform' loaded TargetPlatform 'Android_ASTC'
[2019.12.10-00.23.57:649][  0]LogTemp: Display: Module 'AndroidTargetPlatform' loaded TargetPlatform 'Android_ATC'
[2019.12.10-00.23.57:649][  0]LogTemp: Display: Module 'AndroidTargetPlatform' loaded TargetPlatform 'Android_DXT'
[2019.12.10-00.23.57:650][  0]LogTemp: Display: Module 'AndroidTargetPlatform' loaded TargetPlatform 'Android_ETC1'
[2019.12.10-00.23.57:650][  0]LogTemp: Display: Module 'AndroidTargetPlatform' loaded TargetPlatform 'Android_ETC1a'
[2019.12.10-00.23.57:650][  0]LogTemp: Display: Module 'AndroidTargetPlatform' loaded TargetPlatform 'Android_ETC2'
[2019.12.10-00.23.57:650][  0]LogTemp: Display: Module 'AndroidTargetPlatform' loaded TargetPlatform 'Android_PVRTC'
[2019.12.10-00.23.57:650][  0]LogTemp: Display: Module 'AndroidTargetPlatform' loaded TargetPlatform 'AndroidClient'
[2019.12.10-00.23.57:650][  0]LogTemp: Display: Module 'AndroidTargetPlatform' loaded TargetPlatform 'Android_ASTCClient'
[2019.12.10-00.23.57:650][  0]LogTemp: Display: Module 'AndroidTargetPlatform' loaded TargetPlatform 'Android_ATCClient'
[2019.12.10-00.23.57:650][  0]LogTemp: Display: Module 'AndroidTargetPlatform' loaded TargetPlatform 'Android_DXTClient'
[2019.12.10-00.23.57:650][  0]LogTemp: Display: Module 'AndroidTargetPlatform' loaded TargetPlatform 'Android_ETC1Client'
[2019.12.10-00.23.57:650][  0]LogTemp: Display: Module 'AndroidTargetPlatform' loaded TargetPlatform 'Android_ETC1aClient'
[2019.12.10-00.23.57:650][  0]LogTemp: Display: Module 'AndroidTargetPlatform' loaded TargetPlatform 'Android_ETC2Client'
[2019.12.10-00.23.57:650][  0]LogTemp: Display: Module 'AndroidTargetPlatform' loaded TargetPlatform 'Android_PVRTCClient'
[2019.12.10-00.23.57:650][  0]LogTemp: Display: Module 'AndroidTargetPlatform' loaded TargetPlatform 'Android_Multi'
[2019.12.10-00.23.57:650][  0]LogTemp: Display: Module 'AndroidTargetPlatform' loaded TargetPlatform 'Android_MultiClient'
[2019.12.10-00.23.57:652][  0]LogTemp: Display: Module 'HTML5TargetPlatform' loaded TargetPlatform 'HTML5'
[2019.12.10-00.23.57:681][  0]LogTemp: Display: Module 'IOSTargetPlatform' loaded TargetPlatform 'IOSClient'
[2019.12.10-00.23.57:681][  0]LogTemp: Display: Module 'IOSTargetPlatform' loaded TargetPlatform 'IOS'
[2019.12.10-00.23.57:706][  0]LogTemp: Display: Module 'TVOSTargetPlatform' loaded TargetPlatform 'TVOSClient'
[2019.12.10-00.23.57:706][  0]LogTemp: Display: Module 'TVOSTargetPlatform' loaded TargetPlatform 'TVOS'
[2019.12.10-00.23.57:717][  0]LogTemp: Display: Module 'LinuxClientTargetPlatform' loaded TargetPlatform 'LinuxClient'
[2019.12.10-00.23.57:729][  0]LogTemp: Display: Module 'LinuxNoEditorTargetPlatform' loaded TargetPlatform 'LinuxNoEditor'
[2019.12.10-00.23.57:741][  0]LogTemp: Display: Module 'LinuxServerTargetPlatform' loaded TargetPlatform 'LinuxServer'
[2019.12.10-00.23.57:753][  0]LogTemp: Display: Module 'LinuxTargetPlatform' loaded TargetPlatform 'Linux'
[2019.12.10-00.23.57:798][  0]LogTemp: Display: Module 'LuminTargetPlatform' loaded TargetPlatform 'Lumin'
[2019.12.10-00.23.57:798][  0]LogTemp: Display: Module 'LuminTargetPlatform' loaded TargetPlatform 'LuminClient'
[2019.12.10-00.23.57:798][  0]LogTargetPlatformManager: Display: Building Assets For Windows
[2019.12.10-00.23.57:817][  0]LogAudioDebug: Display: Lib vorbis DLL was dynamically loaded.
[2019.12.10-00.23.57:948][  0]LogShaderCompilers: Guid format shader working directory is -52 characters bigger than the processId version (../../../../../../Users/handb/Desktop/CPSC Projects/CPSC 386/Crossy-Road/RPY_CrossyRoad/Cross_Road/Intermediate/Shaders/WorkingDirectory/2620/).
[2019.12.10-00.23.57:949][  0]LogShaderCompilers: Cleaned the shader compiler working directory 'C:/Users/handb/AppData/Local/Temp/UnrealShaderWorkingDir/8472BA46466C8EDEDA8072B701D900BB/'.
[2019.12.10-00.23.57:955][  0]LogXGEController: Cannot use XGE Controller as Incredibuild is not installed on this machine.
[2019.12.10-00.23.57:955][  0]LogShaderCompilers: Cannot use XGE Shader Compiler as Incredibuild is not installed on this machine.
[2019.12.10-00.23.57:955][  0]LogShaderCompilers: Display: Using Local Shader Compiler.
[2019.12.10-00.23.59:410][  0]LogDerivedDataCache: Display: Max Cache Size: 512 MB
[2019.12.10-00.23.59:492][  0]LogDerivedDataCache: Loaded boot cache 0.08s 73MB C:/Users/handb/AppData/Local/UnrealEngine/4.23/DerivedDataCache/Boot.ddc.
[2019.12.10-00.23.59:493][  0]LogDerivedDataCache: Display: Loaded Boot cache: C:/Users/handb/AppData/Local/UnrealEngine/4.23/DerivedDataCache/Boot.ddc
[2019.12.10-00.23.59:493][  0]LogDerivedDataCache: FDerivedDataBackendGraph:  Pak pak cache file ../../../../../../Users/handb/Desktop/CPSC Projects/CPSC 386/Crossy-Road/RPY_CrossyRoad/Cross_Road/DerivedDataCache/DDC.ddp not found, will not use a pak cache.
[2019.12.10-00.23.59:493][  0]LogDerivedDataCache: Unable to find inner node Pak for hierarchical cache Hierarchy.
[2019.12.10-00.23.59:493][  0]LogDerivedDataCache: FDerivedDataBackendGraph:  CompressedPak pak cache file ../../../../../../Users/handb/Desktop/CPSC Projects/CPSC 386/Crossy-Road/RPY_CrossyRoad/Cross_Road/DerivedDataCache/Compressed.ddp not found, will not use a pak cache.
[2019.12.10-00.23.59:493][  0]LogDerivedDataCache: Unable to find inner node CompressedPak for hierarchical cache Hierarchy.
[2019.12.10-00.23.59:514][  0]LogDerivedDataCache: Display: Pak cache opened for reading ../../../Engine/DerivedDataCache/Compressed.ddp.
[2019.12.10-00.23.59:515][  0]LogDerivedDataCache: FDerivedDataBackendGraph:  EnterprisePak pak cache file ../../../Enterprise/DerivedDataCache/Compressed.ddp not found, will not use a pak cache.
[2019.12.10-00.23.59:515][  0]LogDerivedDataCache: Unable to find inner node EnterprisePak for hierarchical cache Hierarchy.
[2019.12.10-00.23.59:516][  0]LogDerivedDataCache: Using Local data cache path C:/Users/handb/AppData/Local/UnrealEngine/Common/DerivedDataCache: Writable
[2019.12.10-00.23.59:516][  0]LogDerivedDataCache: Shared data cache path not found in *engine.ini, will not use an Shared cache.
[2019.12.10-00.23.59:516][  0]LogDerivedDataCache: Unable to find inner node Shared for hierarchical cache Hierarchy.
[2019.12.10-00.23.59:553][  0]LogMaterial: Verifying Global Shaders for PCD3D_SM5
[2019.12.10-00.23.59:557][  0]LogSlate: Using FreeType 2.6.0
[2019.12.10-00.23.59:558][  0]LogSlate: SlateFontServices - WITH_FREETYPE: 1, WITH_HARFBUZZ: 1
[2019.12.10-00.23.59:664][  0]LogAssetRegistry: FAssetRegistry took 0.0046 seconds to start up
[2019.12.10-00.24.00:375][  0]LogInit: Selected Device Profile: [Windows]
[2019.12.10-00.24.01:055][  0]LogMeshReduction: Using QuadricMeshReduction for automatic static mesh reduction
[2019.12.10-00.24.01:055][  0]LogMeshReduction: Using SimplygonMeshReduction for automatic skeletal mesh reduction
[2019.12.10-00.24.01:055][  0]LogMeshReduction: Using ProxyLODMeshReduction for automatic mesh merging
[2019.12.10-00.24.01:055][  0]LogMeshReduction: No distributed automatic mesh merging module available
[2019.12.10-00.24.01:055][  0]LogMeshMerging: No distributed automatic mesh merging module available
[2019.12.10-00.24.01:107][  0]LogNetVersion: Cross_Road 1.0.0, NetCL: 8386587, EngineNetVer: 11, GameNetVer: 0 (Checksum: 3117846132)
[2019.12.10-00.24.02:810][  0]LogPackageLocalizationCache: Processed 12 localized package path(s) for 1 prioritized culture(s) in 0.168386 seconds
[2019.12.10-00.24.02:834][  0]LogUObjectArray: 43444 objects as part of root set at end of initial load.
[2019.12.10-00.24.02:834][  0]LogUObjectAllocator: 7548648 out of 0 bytes used by permanent object pool.
[2019.12.10-00.24.02:834][  0]LogUObjectArray: CloseDisregardForGC: 0/0 objects in disregard for GC pool
[2019.12.10-00.24.05:526][  0]LogTcpMessaging: Initializing TcpMessaging bridge
[2019.12.10-00.24.05:537][  0]LogUdpMessaging: Initializing bridge on interface 0.0.0.0:0 to multicast group 230.0.0.1:6666.
[2019.12.10-00.24.05:739][  0]SourceControl: Source control is disabled
[2019.12.10-00.24.05:739][  0]SourceControl: Source control is disabled
[2019.12.10-00.24.05:745][  0]SourceControl: Source control is disabled
[2019.12.10-00.24.05:749][  0]SourceControl: Source control is disabled
[2019.12.10-00.24.06:059][  0]LogAndroidPermission: UAndroidPermissionCallbackProxy::GetInstance
[2019.12.10-00.24.07:064][  0]LogOcInput: OculusInput pre-init called
[2019.12.10-00.24.07:074][  0]LogWindows: Failed to load 'OVRPlugin.dll' (GetLastError=126)
[2019.12.10-00.24.07:074][  0]LogWindows: File 'OVRPlugin.dll' does not exist
[2019.12.10-00.24.07:267][  0]LogEngine: Initializing Engine...
[2019.12.10-00.24.07:270][  0]LogHMD: Failed to initialize OpenVR with code 110
[2019.12.10-00.24.07:273][  0]LogStats: UGameplayTagsManager::InitializeManager -  0.000 s
[2019.12.10-00.24.08:132][  0]LogInit: Initializing FReadOnlyCVARCache
[2019.12.10-00.24.08:179][  0]LogAIModule: Creating AISystem for world Untitled
[2019.12.10-00.24.08:520][  0]LogInit: XAudio2 using 'Speakers/Headphones (Realtek(R) Audio)' : 6 channels at 48 kHz using 32 bits per sample (channel mask 0x3f)
[2019.12.10-00.24.08:912][  0]LogInit: FAudioDevice initialized.
[2019.12.10-00.24.08:912][  0]LogNetVersion: Set ProjectVersion to 1.0.0.0. Version Checksum will be recalculated on next use.
[2019.12.10-00.24.09:080][  0]LogDerivedDataCache: Saved boot cache 0.17s 73MB C:/Users/handb/AppData/Local/UnrealEngine/4.23/DerivedDataCache/Boot.ddc.
[2019.12.10-00.24.09:108][  0]LogInit: Texture streaming: Enabled
[2019.12.10-00.24.09:153][  0]LogEngineSessionManager: EngineSessionManager initialized
[2019.12.10-00.24.09:348][  0]LogInit: Transaction tracking system initialized
[2019.12.10-00.24.09:447][  0]BlueprintLog: New page: Editor Load
[2019.12.10-00.24.09:695][  0]LocalizationService: Localization service is disabled
[2019.12.10-00.24.10:261][  0]LogFileCache: Scanning file cache for directory 'C:/Users/handb/Desktop/CPSC Projects/CPSC 386/Crossy-Road/RPY_CrossyRoad/Cross_Road/Content/' took 0.00s
[2019.12.10-00.24.10:262][  0]LogCook: Display: Max memory allowance for cook 16384mb min free memory 0mb
[2019.12.10-00.24.10:262][  0]LogCook: Display: Mobile HDR setting 1
[2019.12.10-00.24.10:598][  0]SourceControl: Source control is disabled
[2019.12.10-00.24.10:598][  0]Cmd: MAP LOAD FILE="../../../Engine/Content/Maps/Templates/Template_Default.umap" TEMPLATE=1 SHOWPROGRESS=1 FEATURELEVEL=3
[2019.12.10-00.24.10:599][  0]LightingResults: New page: Lighting Build
[2019.12.10-00.24.10:602][  0]LogWorld: UWorld::CleanupWorld for Untitled, bSessionEnded=true, bCleanupResources=true
[2019.12.10-00.24.10:602][  0]MapCheck: New page: Map Check
[2019.12.10-00.24.10:602][  0]LightingResults: New page: Lighting Build
[2019.12.10-00.24.10:656][  0]LogUObjectHash: Compacting FUObjectHashTables data took   2.37ms
[2019.12.10-00.24.10:769][  0]LogAIModule: Creating AISystem for world Untitled_1
[2019.12.10-00.24.10:779][  0]LogEditorServer: Finished looking for orphan Actors (0.000 secs)
[2019.12.10-00.24.10:824][  0]LogUObjectHash: Compacting FUObjectHashTables data took   2.99ms
[2019.12.10-00.24.10:825][  0]Cmd: MAP CHECKDEP NOCLEARLOG
[2019.12.10-00.24.10:825][  0]MapCheck: Map check complete: 0 Error(s), 0 Warning(s), took 0.182ms to complete.
[2019.12.10-00.24.10:825][  0]LogFileHelpers: Loading map 'Template_Default' took 0.227
[2019.12.10-00.24.10:971][  0]LogSlate: Updating window title bar state: overlay mode, drag disabled, window buttons hidden, title bar hidden
[2019.12.10-00.24.11:001][  0]LogSlate: Updating window title bar state: overlay mode, drag disabled, window buttons hidden, title bar hidden
[2019.12.10-00.24.11:028][  0]LogSlate: Updating window title bar state: overlay mode, drag disabled, window buttons hidden, title bar hidden
[2019.12.10-00.24.11:056][  0]LogSlate: Updating window title bar state: overlay mode, drag disabled, window buttons hidden, title bar hidden
[2019.12.10-00.24.11:073][  0]LogCollectionManager: Loaded 0 collections in 0.004713 seconds
[2019.12.10-00.24.11:091][  0]LogFileCache: Scanning file cache for directory 'C:/Users/handb/Desktop/CPSC Projects/CPSC 386/Crossy-Road/RPY_CrossyRoad/Cross_Road/Saved/Collections/' took 0.00s
[2019.12.10-00.24.11:091][  0]LogFileCache: Scanning file cache for directory 'C:/Users/handb/Desktop/CPSC Projects/CPSC 386/Crossy-Road/RPY_CrossyRoad/Cross_Road/Content/Developers/handb/Collections/' took 0.00s
[2019.12.10-00.24.11:091][  0]LogFileCache: Scanning file cache for directory 'C:/Users/handb/Desktop/CPSC Projects/CPSC 386/Crossy-Road/RPY_CrossyRoad/Cross_Road/Content/Collections/' took 0.00s
[2019.12.10-00.24.11:091][  0]LogCollectionManager: Rebuilt the GUID cache for 0 collections in 0.000004 seconds
[2019.12.10-00.24.11:127][  0]LogContentBrowser: Native class hierarchy populated in 0.0347 seconds. Added 2863 classes and 680 folders.
[2019.12.10-00.24.11:144][  0]LogContentBrowser: Native class hierarchy updated for 'WidgetCarousel' in 0.0006 seconds. Added 0 classes and 0 folders.
[2019.12.10-00.24.11:285][  0]LogContentBrowser: Native class hierarchy updated for 'AddContentDialog' in 0.0007 seconds. Added 0 classes and 0 folders.
[2019.12.10-00.24.11:299][  0]LogContentBrowser: Native class hierarchy updated for 'SceneOutliner' in 0.0007 seconds. Added 1 classes and 2 folders.
[2019.12.10-00.24.11:337][  0]LogSlate: Took 0.000536 seconds to synchronously load lazily loaded font '../../../Engine/Content/Slate/Fonts/Roboto-Regular.ttf' (155K)
[2019.12.10-00.24.11:346][  0]LogSlate: Took 0.000463 seconds to synchronously load lazily loaded font '../../../Engine/Content/Slate/Fonts/Roboto-Bold.ttf' (160K)
[2019.12.10-00.24.11:364][  0]LogSlate: Took 0.000929 seconds to synchronously load lazily loaded font '../../../Engine/Content/Editor/Slate/Fonts/FontAwesome.ttf' (139K)
[2019.12.10-00.24.11:606][  0]LogRenderer: Reallocating scene render targets to support 964x436 Format 10 NumSamples 1 (Frame:1).
[2019.12.10-00.24.11:896][  0]LogContentBrowser: Native class hierarchy updated for 'HierarchicalLODOutliner' in 0.0013 seconds. Added 0 classes and 0 folders.
[2019.12.10-00.24.11:896][  0]LogLoad: (Engine Initialization) Total time: 20.57 seconds
[2019.12.10-00.24.11:896][  0]LogLoad: (Engine Initialization) Total Blueprint compile time: 0.00 seconds
[2019.12.10-00.24.11:978][  0]LogContentStreaming: Texture pool size now 1000 MB
[2019.12.10-00.24.12:138][  2]LogAssetRegistry: Asset discovery search completed in 12.4758 seconds
[2019.12.10-00.24.12:152][  2]LogCollectionManager: Rebuilt the object cache for 0 collections in 0.000012 seconds (found 0 objects)
[2019.12.10-00.24.12:153][  2]LogCollectionManager: Fixed up redirectors for 0 collections in 0.000207 seconds (updated 0 objects)
[2019.12.10-00.24.17:092][139]LogSlate: FSceneViewport::OnFocusLost() reason 2
[2019.12.10-00.24.19:007][177]LogSlate: Took 0.000868 seconds to synchronously load lazily loaded font '../../../Engine/Content/Slate/Fonts/Roboto-Light.ttf' (167K)
[2019.12.10-00.24.19:016][177]LogSlate: FSceneViewport::OnFocusLost() reason 5
[2019.12.10-00.24.19:129][177]LogSlate: FSceneViewport::OnFocusLost() reason 5
[2019.12.10-00.24.21:193][177]LogSlate: Window 'Pick Parent Class' being destroyed
[2019.12.10-00.24.21:270][177]LogSlate: Took 0.000476 seconds to synchronously load lazily loaded font '../../../Engine/Content/Slate/Fonts/Roboto-Light.ttf' (167K)
[2019.12.10-00.24.21:327][179]LogSlate: FSceneViewport::OnFocusLost() reason 2
[2019.12.10-00.24.26:032][323]LogSlate: FSceneViewport::OnFocusLost() reason 2
[2019.12.10-00.24.26:725][343]LogAssetEditorManager: Opening Asset editor for Blueprint /Game/Assets/Blueprints/Chicken.Chicken
[2019.12.10-00.24.27:828][343]LogContentBrowser: Native class hierarchy updated for 'BlueprintGraph' in 0.0017 seconds. Added 121 classes and 0 folders.
[2019.12.10-00.24.35:458][378]LogSlate: Window 'Save Level As' being destroyed
[2019.12.10-00.24.36:235][398]LogSlate: FSceneViewport::OnFocusLost() reason 0
[2019.12.10-00.24.40:485][415]LogSlate: Window 'Save Level As' being destroyed
[2019.12.10-00.24.41:346][435]LogSlate: FSceneViewport::OnFocusLost() reason 0
[2019.12.10-00.24.42:165][448]LogSavePackage: Moving '../../../../../../Users/handb/Desktop/CPSC Projects/CPSC 386/Crossy-Road/RPY_CrossyRoad/Cross_Road/Saved/Chicken75806EEB48D738824B5D4F91AC6A0E9D.tmp' to '../../../../../../Users/handb/Desktop/CPSC Projects/CPSC 386/Crossy-Road/RPY_CrossyRoad/Cross_Road/Content/Assets/Blueprints/Chicken.uasset'
[2019.12.10-00.24.43:264][481]LogSlate: FSceneViewport::OnFocusLost() reason 0
[2019.12.10-00.24.46:391][566]LogSlate: FSceneViewport::OnFocusLost() reason 2
[2019.12.10-00.24.49:172][616]LogD3D11RHI: Error: Result failed 
 at D:/Build/++UE4/Sync/Engine/Source/Runtime/Windows/D3D11RHI/Private/D3D11Query.cpp:348 
 with error DXGI_ERROR_DEVICE_REMOVED DXGI_ERROR_DEVICE_HUNG
[2019.12.10-00.24.49:172][616]LogD3D11RHI: [Aftermath] GDynamicRHI=000001E7B745C0C0, GDX11NVAfterMathEnabled=0, Result=0xFFFFFFFF, bDeviceActive=0
[2019.12.10-00.24.49:172][616]LogWindows: Windows GetLastError: The operation completed successfully. (0)
[2019.12.10-00.24.54:245][616]LogThreadingWindows: Error: Runnable thread RenderThread 2 crashed.
[2019.12.10-00.24.54:245][616]LogOutputDevice: Warning: 

Script Stack (0 frames):

[2019.12.10-00.24.54:245][616]LogWindows: Error: === Critical error: ===
[2019.12.10-00.24.54:245][616]LogWindows: Error: 
[2019.12.10-00.24.54:245][616]LogWindows: Error: 
[2019.12.10-00.24.54:245][616]LogWindows: Error: Crash in runnable thread RenderThread 2
[2019.12.10-00.24.54:246][616]LogOutputDevice: Warning: 

Script Stack (0 frames):

[2019.12.10-00.24.54:258][616]LogWindows: Windows GetLastError: The operation completed successfully. (0)
[2019.12.10-00.24.54:258][616]LogWindows: Error: HandleError re-entered.
[2019.12.10-00.24.54:258][616]LogWindows: FPlatformMisc::RequestExit(1)
[2019.12.10-00.24.54:269][616]Log file closed, 12/09/19 16:24:54
